d:\develop\granado_espada\granadoespadahelper\x64\release\vc142.pdb
d:\develop\granado_espada\granadoespadahelper\x64\release\granadoespadahelperdlg.obj
d:\develop\granado_espada\granadoespadahelper\x64\release\granadoespadahelper.obj
d:\develop\granado_espada\granadoespadahelper\x64\release\granadoespadahelper.pch
d:\develop\granado_espada\granadoespadahelper\x64\release\pch.obj
d:\develop\granado_espada\granadoespadahelper\x64\release\ccaputretool.obj
d:\develop\granado_espada\granadoespadahelper\x64\release\granadoespadahelper.ipdb
d:\develop\granado_espada\granadoespadahelper\x64\release\granadoespadahelper.iobj
d:\develop\granado_espada\granadoespadahelper\x64\release\granadoespadahelper.exe
d:\develop\granado_espada\granadoespadahelper\x64\release\granadoespadahelper.pdb
d:\develop\granado_espada\granadoespadahelper\x64\release\granadoespadahelper.res
d:\develop\granado_espada\granadoespadahelper\x64\release\granadoe.b68e7aed.tlog\cl.command.1.tlog
d:\develop\granado_espada\granadoespadahelper\x64\release\granadoe.b68e7aed.tlog\cl.read.1.tlog
d:\develop\granado_espada\granadoespadahelper\x64\release\granadoe.b68e7aed.tlog\cl.write.1.tlog
d:\develop\granado_espada\granadoespadahelper\x64\release\granadoe.b68e7aed.tlog\granadoespadahelper.write.1u.tlog
d:\develop\granado_espada\granadoespadahelper\x64\release\granadoe.b68e7aed.tlog\link.command.1.tlog
d:\develop\granado_espada\granadoespadahelper\x64\release\granadoe.b68e7aed.tlog\link.delete.1.tlog
d:\develop\granado_espada\granadoespadahelper\x64\release\granadoe.b68e7aed.tlog\link.read.1.tlog
d:\develop\granado_espada\granadoespadahelper\x64\release\granadoe.b68e7aed.tlog\link.write.1.tlog
d:\develop\granado_espada\granadoespadahelper\x64\release\granadoe.b68e7aed.tlog\rc.command.1.tlog
d:\develop\granado_espada\granadoespadahelper\x64\release\granadoe.b68e7aed.tlog\rc.read.1.tlog
d:\develop\granado_espada\granadoespadahelper\x64\release\granadoe.b68e7aed.tlog\rc.write.1.tlog
